<?xml version="1.0" encoding="utf-8"?><testsuites name="pytest tests"><testsuite name="pytest" errors="0" failures="0" skipped="0" tests="11" time="6.081" timestamp="2026-02-24T17:06:08.749505+00:00" hostname="agent-env-77623b49-4b48-4567-a049-292b8b1c1dea"><testcase classname="tests.test_email_feature.TestLoginAndAuth" name="test_login_with_valid_credentials" time="0.440" /><testcase classname="tests.test_email_feature.TestSettingsEmailConfig" name="test_get_settings_returns_email_fields" time="0.452" /><testcase classname="tests.test_email_feature.TestSettingsEmailConfig" name="test_update_settings_with_email_config" time="0.523" /><testcase classname="tests.test_email_feature.TestSettingsEmailConfig" name="test_update_settings_disable_email" time="0.470" /><testcase classname="tests.test_email_feature.TestEmailTestEndpoint" name="test_test_email_without_smtp_config" time="0.830" /><testcase classname="tests.test_email_feature.TestEmailTestEndpoint" name="test_test_email_with_invalid_credentials" time="0.610" /><testcase classname="tests.test_email_feature.TestSendDiplomaEmail" name="test_send_email_endpoint_exists" time="0.665" /><testcase classname="tests.test_email_feature.TestSendDiplomaEmail" name="test_send_email_with_missing_smtp_config" time="0.568" /><testcase classname="tests.test_email_feature.TestSendDiplomaEmail" name="test_send_email_for_invalid_diploma" time="0.526" /><testcase classname="tests.test_email_feature.TestDiplomasEndpoint" name="test_get_diplomas_list" time="0.444" /><testcase classname="tests.test_email_feature.TestCleanup" name="test_restore_settings" time="0.464" /></testsuite></testsuites>