<?xml version="1.0" encoding="utf-8"?><testsuites name="pytest tests"><testsuite name="pytest" errors="0" failures="0" skipped="0" tests="16" time="8.897" timestamp="2026-02-24T17:25:39.170312+00:00" hostname="agent-env-77623b49-4b48-4567-a049-292b8b1c1dea"><testcase classname="tests.test_email_feature.TestLoginAndAuth" name="test_login_with_valid_credentials" time="0.478" /><testcase classname="tests.test_email_feature.TestSettingsEmailConfig" name="test_get_settings_returns_email_fields" time="0.444" /><testcase classname="tests.test_email_feature.TestSettingsEmailConfig" name="test_update_settings_with_email_config" time="0.549" /><testcase classname="tests.test_email_feature.TestSettingsEmailConfig" name="test_update_settings_disable_email" time="0.691" /><testcase classname="tests.test_email_feature.TestEmailTestEndpoint" name="test_test_email_without_smtp_config" time="0.451" /><testcase classname="tests.test_email_feature.TestEmailTestEndpoint" name="test_test_email_with_invalid_credentials" time="0.724" /><testcase classname="tests.test_email_feature.TestSendDiplomaEmail" name="test_send_email_endpoint_exists" time="0.592" /><testcase classname="tests.test_email_feature.TestSendDiplomaEmail" name="test_send_email_with_missing_smtp_config" time="0.619" /><testcase classname="tests.test_email_feature.TestSendDiplomaEmail" name="test_send_email_for_invalid_diploma" time="0.441" /><testcase classname="tests.test_email_feature.TestDiplomasEndpoint" name="test_get_diplomas_list" time="0.478" /><testcase classname="tests.test_email_feature.TestDiplomasEndpoint" name="test_diplomas_have_email_sent_fields" time="0.501" /><testcase classname="tests.test_email_feature.TestBulkEmailEndpoint" name="test_bulk_email_endpoint_exists" time="0.517" /><testcase classname="tests.test_email_feature.TestBulkEmailEndpoint" name="test_bulk_email_requires_email_enabled" time="0.608" /><testcase classname="tests.test_email_feature.TestBulkEmailEndpoint" name="test_bulk_email_requires_smtp_config" time="0.654" /><testcase classname="tests.test_email_feature.TestBulkEmailEndpoint" name="test_bulk_email_with_invalid_diploma_ids" time="0.533" /><testcase classname="tests.test_email_feature.TestCleanup" name="test_restore_settings" time="0.533" /></testsuite></testsuites>