<?xml version="1.0" encoding="utf-8"?><testsuites name="pytest tests"><testsuite name="pytest" errors="0" failures="0" skipped="0" tests="15" time="5.821" timestamp="2026-02-24T00:14:47.069950+00:00" hostname="agent-env-063503af-b654-4a50-8d2a-a6f576061aff"><testcase classname="backend.tests.test_iteration5_features.TestCheckFirstUser" name="test_check_first_user_returns_has_users" time="0.158" /><testcase classname="backend.tests.test_iteration5_features.TestPublicSettings" name="test_get_public_settings" time="0.133" /><testcase classname="backend.tests.test_iteration5_features.TestUsersEndpoints" name="test_get_users_list" time="0.466" /><testcase classname="backend.tests.test_iteration5_features.TestUsersEndpoints" name="test_create_user" time="0.595" /><testcase classname="backend.tests.test_iteration5_features.TestUsersEndpoints" name="test_create_user_duplicate_email_fails" time="0.132" /><testcase classname="backend.tests.test_iteration5_features.TestUsersEndpoints" name="test_update_user" time="0.769" /><testcase classname="backend.tests.test_iteration5_features.TestUsersEndpoints" name="test_cannot_delete_base_admin" time="0.302" /><testcase classname="backend.tests.test_iteration5_features.TestUsersEndpoints" name="test_delete_user" time="0.618" /><testcase classname="backend.tests.test_iteration5_features.TestSettingsEndpoints" name="test_get_settings" time="0.133" /><testcase classname="backend.tests.test_iteration5_features.TestSettingsEndpoints" name="test_update_settings" time="0.879" /><testcase classname="backend.tests.test_iteration5_features.TestSettingsEndpoints" name="test_update_logo_urls" time="0.562" /><testcase classname="backend.tests.test_iteration5_features.TestSettingsEndpoints" name="test_public_settings_reflects_changes" time="0.507" /><testcase classname="backend.tests.test_iteration5_features.TestTemplatesAndPDFGeneration" name="test_get_templates" time="0.129" /><testcase classname="backend.tests.test_iteration5_features.TestTemplatesAndPDFGeneration" name="test_template_has_fields_config" time="0.129" /><testcase classname="backend.tests.test_iteration5_features.TestTemplatesAndPDFGeneration" name="test_get_diplomas" time="0.179" /></testsuite></testsuites>