<?xml version="1.0" encoding="utf-8"?><testsuites name="pytest tests"><testsuite name="pytest" errors="0" failures="0" skipped="0" tests="21" time="7.218" timestamp="2026-02-24T17:45:19.153132+00:00" hostname="agent-env-77623b49-4b48-4567-a049-292b8b1c1dea"><testcase classname="tests.test_email_templates.TestEmailTemplatesGetList" name="test_get_templates_returns_list" time="0.600" /><testcase classname="tests.test_email_templates.TestEmailTemplatesGetList" name="test_default_template_created_automatically" time="0.147" /><testcase classname="tests.test_email_templates.TestEmailTemplatesGetList" name="test_template_response_structure" time="0.112" /><testcase classname="tests.test_email_templates.TestEmailTemplatesGetList" name="test_get_templates_requires_auth" time="0.121" /><testcase classname="tests.test_email_templates.TestEmailTemplatesCreate" name="test_create_template_success" time="0.282" /><testcase classname="tests.test_email_templates.TestEmailTemplatesCreate" name="test_create_template_with_variables" time="0.296" /><testcase classname="tests.test_email_templates.TestEmailTemplatesCreate" name="test_create_sets_default_updates_others" time="0.716" /><testcase classname="tests.test_email_templates.TestEmailTemplatesGet" name="test_get_template_by_id" time="0.423" /><testcase classname="tests.test_email_templates.TestEmailTemplatesGet" name="test_get_template_not_found" time="0.131" /><testcase classname="tests.test_email_templates.TestEmailTemplatesUpdate" name="test_update_template_name" time="0.903" /><testcase classname="tests.test_email_templates.TestEmailTemplatesUpdate" name="test_update_template_subject" time="0.451" /><testcase classname="tests.test_email_templates.TestEmailTemplatesUpdate" name="test_update_template_html_content" time="0.401" /><testcase classname="tests.test_email_templates.TestEmailTemplatesUpdate" name="test_update_template_not_found" time="0.191" /><testcase classname="tests.test_email_templates.TestEmailTemplatesDelete" name="test_delete_template_success" time="0.487" /><testcase classname="tests.test_email_templates.TestEmailTemplatesDelete" name="test_delete_only_default_template_fails" time="0.420" /><testcase classname="tests.test_email_templates.TestEmailTemplatesDelete" name="test_delete_template_not_found" time="0.134" /><testcase classname="tests.test_email_templates.TestEmailTemplatesDuplicate" name="test_duplicate_template_success" time="0.669" /><testcase classname="tests.test_email_templates.TestEmailTemplatesDuplicate" name="test_duplicate_template_not_found" time="0.131" /><testcase classname="tests.test_email_templates.TestEmailTemplatesPreview" name="test_preview_replaces_variables" time="0.179" /><testcase classname="tests.test_email_templates.TestEmailTemplatesPreview" name="test_preview_all_variables" time="0.120" /><testcase classname="tests.test_email_templates.TestEmailTemplatesPreview" name="test_preview_empty_content" time="0.141" /></testsuite></testsuites>