<?xml version="1.0" encoding="utf-8"?><testsuites name="pytest tests"><testsuite name="pytest" errors="0" failures="0" skipped="0" tests="8" time="3.880" timestamp="2026-02-23T23:51:16.570384+00:00" hostname="agent-env-063503af-b654-4a50-8d2a-a6f576061aff"><testcase classname="tests.test_new_features.TestLogin" name="test_login_success" time="0.454" /><testcase classname="tests.test_new_features.TestLogin" name="test_login_invalid_credentials" time="0.177" /><testcase classname="tests.test_new_features.TestDeleteDiploma" name="test_delete_diploma_flow" time="1.743" /><testcase classname="tests.test_new_features.TestDeleteDiploma" name="test_delete_diploma_not_found" time="0.140" /><testcase classname="tests.test_new_features.TestClearScanLogs" name="test_clear_scan_logs" time="0.562" /><testcase classname="tests.test_new_features.TestClearScanLogs" name="test_get_scan_logs" time="0.114" /><testcase classname="tests.test_new_features.TestDiplomasAPI" name="test_get_all_diplomas" time="0.121" /><testcase classname="tests.test_new_features.TestDiplomasAPI" name="test_revoke_diploma_and_reactivate" time="0.453" /></testsuite></testsuites>